<?xml version="1.0" encoding="UTF-8"?>
<!-- Generated by org.testng.reporters.JUnitXMLReporter -->
<testsuite hostname="vivek-PC" ignored="0" name="Test" tests="15" failures="0" timestamp="28 Jun 2018 09:39:56 GMT" time="377.03" errors="0">
  <testcase name="SuccessfulRegistration" time="14.962" classname="TestScript.TC001_SuccessfulRegistration_EnterAllFields"/>
  <testcase name="UnSuccessfulRegistration_FirstName" time="12.675" classname="TestScript.TC002_UnsucessfulRegistration_BlankFirstName"/>
  <testcase name="UnSuccessfulRegistration_InvalidFirstName" time="13.821" classname="TestScript.TC003_UnsuccessfulRegistration_InvalidFirstName"/>
  <testcase name="UnSuccessfulRegistration_BlankLastName" time="12.68" classname="TestScript.TC004_UnsucessfulRegistration_BlankLastName"/>
  <testcase name="UnSuccessfulRegistration_InvalidLastName" time="13.707" classname="TestScript.TC005_UnsuccessfulRegistration_InvalidLastNam"/>
  <testcase name="UnSuccessfulRegistration_BlankUserName" time="12.394" classname="TestScript.TC006_UnsucessfulRegistration_BlankUserName"/>
  <testcase name="UnSuccessfulRegistration_InvalidUserName" time="13.999" classname="TestScript.TC007_UnsuccessfulRegistration_InvalidUserName"/>
  <testcase name="UnSuccessfulRegistration_Blankpassword" time="12.641" classname="TestScript.TC008_UnsucessfulRegistration_BlankPassword"/>
  <testcase name="UnSuccessfulRegistration_InvalidPassword" time="13.863" classname="TestScript.TC009_UnsuccessfulRegistration_InvalidPassword"/>
  <testcase name="UnSuccessfulRegistration_Blankconfirmpassword" time="12.484" classname="TestScript.TC010_UnsucessfulRegistration_BlankConfirmPassword"/>
  <testcase name="UnSuccessfulRegistration_InvalidConfirmPassword" time="13.896" classname="TestScript.TC011_UnsuccessfulRegistration_InvalidConfirmPassword"/>
  <testcase name="UnSuccessfulRegistration_BlankEmail" time="11.826" classname="TestScript.TC012_UnsucessfulRegistration_BlankEmail"/>
  <testcase name="UnSuccessfulRegistration_InvalidEmail" time="13.245" classname="TestScript.TC013_UnsuccessfulRegistration_InvalidEmail"/>
  <testcase name="SuccessfulRegistrationMandatoryfield" time="12.239" classname="TestScript.TC014_SuccessfulRegistration_OnlyMandatoryField"/>
  <testcase name="UnSuccessfulRegistration_InvalidContactNo" time="20.772" classname="TestScript.TC015_UnsuccessfulRegistration_InvalidContactNo"/>
</testsuite> <!-- Test -->
